<?xml version="1.0" encoding="UTF-8"?>
<coverage generated="1763501724785" clover="3.2.0">
  <project timestamp="1763501724786" name="All files">
    <metrics statements="26" coveredstatements="26" conditionals="20" coveredconditionals="19" methods="8" coveredmethods="8" elements="54" coveredelements="53" complexity="0" loc="26" ncloc="26" packages="1" files="3" classes="3"/>
    <file name="generateRoomId.js" path="D:\Code\2025-11-Skyjo\shared\utils\generateRoomId.js">
      <metrics statements="9" coveredstatements="9" conditionals="5" coveredconditionals="5" methods="1" coveredmethods="1"/>
      <line num="1" count="1" type="stmt"/>
      <line num="2" count="1" type="stmt"/>
      <line num="10" count="6" type="cond" truecount="4" falsecount="0"/>
      <line num="11" count="4" type="stmt"/>
      <line num="14" count="2" type="stmt"/>
      <line num="15" count="2" type="stmt"/>
      <line num="16" count="16" type="stmt"/>
      <line num="17" count="16" type="stmt"/>
      <line num="20" count="2" type="stmt"/>
    </file>
    <file name="logger.js" path="D:\Code\2025-11-Skyjo\shared\utils\logger.js">
      <metrics statements="14" coveredstatements="14" conditionals="15" coveredconditionals="14" methods="5" coveredmethods="5"/>
      <line num="1" count="1" type="stmt"/>
      <line num="3" count="1" type="stmt"/>
      <line num="15" count="11" type="cond" truecount="2" falsecount="0"/>
      <line num="16" count="2" type="stmt"/>
      <line num="20" count="9" type="cond" truecount="2" falsecount="0"/>
      <line num="21" count="4" type="stmt"/>
      <line num="24" count="9" type="cond" truecount="2" falsecount="0"/>
      <line num="25" count="2" type="stmt"/>
      <line num="28" count="9" type="cond" truecount="2" falsecount="0"/>
      <line num="29" count="2" type="stmt"/>
      <line num="32" count="9" type="cond" truecount="5" falsecount="0"/>
      <line num="33" count="2" type="stmt"/>
      <line num="36" count="7" type="stmt"/>
      <line num="40" count="1" type="cond" truecount="1" falsecount="1"/>
    </file>
    <file name="playerColors.js" path="D:\Code\2025-11-Skyjo\shared\utils\playerColors.js">
      <metrics statements="3" coveredstatements="3" conditionals="0" coveredconditionals="0" methods="2" coveredmethods="2"/>
      <line num="8" count="11" type="stmt"/>
      <line num="10" count="62" type="stmt"/>
      <line num="11" count="62" type="stmt"/>
    </file>
  </project>
</coverage>
