{"D:\\Code\\2025-11-Skyjo\\shared\\utils\\generateRoomId.js": {"path":"D:\\Code\\2025-11-Skyjo\\shared\\utils\\generateRoomId.js","statementMap":{"0":{"start":{"line":1,"column":31},"end":{"line":1,"column":32}},"1":{"start":{"line":2,"column":25},"end":{"line":2,"column":59}},"2":{"start":{"line":10,"column":2},"end":{"line":12,"column":3}},"3":{"start":{"line":11,"column":4},"end":{"line":11,"column":69}},"4":{"start":{"line":14,"column":11},"end":{"line":14,"column":13}},"5":{"start":{"line":15,"column":2},"end":{"line":18,"column":3}},"6":{"start":{"line":15,"column":15},"end":{"line":15,"column":16}},"7":{"start":{"line":16,"column":18},"end":{"line":16,"column":69}},"8":{"start":{"line":17,"column":4},"end":{"line":17,"column":34}},"9":{"start":{"line":20,"column":2},"end":{"line":20,"column":12}}},"fnMap":{"0":{"name":"generateRoomId","decl":{"start":{"line":9,"column":16},"end":{"line":9,"column":30}},"loc":{"start":{"line":9,"column":64},"end":{"line":21,"column":1}},"line":9}},"branchMap":{"0":{"loc":{"start":{"line":9,"column":31},"end":{"line":9,"column":62}},"type":"default-arg","locations":[{"start":{"line":9,"column":40},"end":{"line":9,"column":62}}],"line":9},"1":{"loc":{"start":{"line":10,"column":2},"end":{"line":12,"column":3}},"type":"if","locations":[{"start":{"line":10,"column":2},"end":{"line":12,"column":3}},{"start":{},"end":{}}],"line":10},"2":{"loc":{"start":{"line":10,"column":6},"end":{"line":10,"column":46}},"type":"binary-expr","locations":[{"start":{"line":10,"column":6},"end":{"line":10,"column":31}},{"start":{"line":10,"column":35},"end":{"line":10,"column":46}}],"line":10}},"s":{"0":1,"1":1,"2":6,"3":4,"4":2,"5":2,"6":2,"7":16,"8":16,"9":2},"f":{"0":6},"b":{"0":[1],"1":[4,2],"2":[6,4]},"inputSourceMap":null,"_coverageSchema":"1a1c01bbd47fc00a2c39e90264f33305004495a9","hash":"6f407a52f8ad935f301a15671eba344275a9a3f0"}
,"D:\\Code\\2025-11-Skyjo\\shared\\utils\\logger.js": {"path":"D:\\Code\\2025-11-Skyjo\\shared\\utils\\logger.js","statementMap":{"0":{"start":{"line":1,"column":13},"end":{"line":1,"column":21}},"1":{"start":{"line":3,"column":26},"end":{"line":7,"column":2}},"2":{"start":{"line":15,"column":2},"end":{"line":17,"column":3}},"3":{"start":{"line":16,"column":4},"end":{"line":16,"column":22}},"4":{"start":{"line":20,"column":4},"end":{"line":22,"column":12}},"5":{"start":{"line":21,"column":21},"end":{"line":21,"column":41}},"6":{"start":{"line":24,"column":4},"end":{"line":26,"column":12}},"7":{"start":{"line":25,"column":21},"end":{"line":25,"column":41}},"8":{"start":{"line":28,"column":4},"end":{"line":30,"column":12}},"9":{"start":{"line":29,"column":21},"end":{"line":29,"column":42}},"10":{"start":{"line":32,"column":2},"end":{"line":34,"column":3}},"11":{"start":{"line":33,"column":4},"end":{"line":33,"column":22}},"12":{"start":{"line":36,"column":2},"end":{"line":36,"column":31}},"13":{"start":{"line":40,"column":2},"end":{"line":40,"column":70}}},"fnMap":{"0":{"name":"(anonymous_0)","decl":{"start":{"line":1,"column":13},"end":{"line":1,"column":14}},"loc":{"start":{"line":1,"column":19},"end":{"line":1,"column":21}},"line":1},"1":{"name":"resolveLogger","decl":{"start":{"line":14,"column":16},"end":{"line":14,"column":29}},"loc":{"start":{"line":14,"column":38},"end":{"line":37,"column":1}},"line":14},"2":{"name":"(anonymous_2)","decl":{"start":{"line":21,"column":8},"end":{"line":21,"column":9}},"loc":{"start":{"line":21,"column":21},"end":{"line":21,"column":41}},"line":21},"3":{"name":"(anonymous_3)","decl":{"start":{"line":25,"column":8},"end":{"line":25,"column":9}},"loc":{"start":{"line":25,"column":21},"end":{"line":25,"column":41}},"line":25},"4":{"name":"(anonymous_4)","decl":{"start":{"line":29,"column":8},"end":{"line":29,"column":9}},"loc":{"start":{"line":29,"column":21},"end":{"line":29,"column":42}},"line":29}},"branchMap":{"0":{"loc":{"start":{"line":15,"column":2},"end":{"line":17,"column":3}},"type":"if","locations":[{"start":{"line":15,"column":2},"end":{"line":17,"column":3}},{"start":{},"end":{}}],"line":15},"1":{"loc":{"start":{"line":20,"column":4},"end":{"line":22,"column":12}},"type":"cond-expr","locations":[{"start":{"line":21,"column":8},"end":{"line":21,"column":41}},{"start":{"line":22,"column":8},"end":{"line":22,"column":12}}],"line":20},"2":{"loc":{"start":{"line":24,"column":4},"end":{"line":26,"column":12}},"type":"cond-expr","locations":[{"start":{"line":25,"column":8},"end":{"line":25,"column":41}},{"start":{"line":26,"column":8},"end":{"line":26,"column":12}}],"line":24},"3":{"loc":{"start":{"line":28,"column":4},"end":{"line":30,"column":12}},"type":"cond-expr","locations":[{"start":{"line":29,"column":8},"end":{"line":29,"column":42}},{"start":{"line":30,"column":8},"end":{"line":30,"column":12}}],"line":28},"4":{"loc":{"start":{"line":32,"column":2},"end":{"line":34,"column":3}},"type":"if","locations":[{"start":{"line":32,"column":2},"end":{"line":34,"column":3}},{"start":{},"end":{}}],"line":32},"5":{"loc":{"start":{"line":32,"column":6},"end":{"line":32,"column":54}},"type":"binary-expr","locations":[{"start":{"line":32,"column":6},"end":{"line":32,"column":19}},{"start":{"line":32,"column":23},"end":{"line":32,"column":36}},{"start":{"line":32,"column":40},"end":{"line":32,"column":54}}],"line":32},"6":{"loc":{"start":{"line":40,"column":2},"end":{"line":40,"column":70}},"type":"cond-expr","locations":[{"start":{"line":40,"column":35},"end":{"line":40,"column":57}},{"start":{"line":40,"column":60},"end":{"line":40,"column":70}}],"line":40}},"s":{"0":1,"1":1,"2":11,"3":2,"4":9,"5":4,"6":9,"7":2,"8":9,"9":2,"10":9,"11":2,"12":7,"13":1},"f":{"0":20,"1":11,"2":4,"3":2,"4":2},"b":{"0":[2,9],"1":[5,4],"2":[3,6],"3":[3,6],"4":[2,7],"5":[9,4,3],"6":[1,0]},"inputSourceMap":null,"_coverageSchema":"1a1c01bbd47fc00a2c39e90264f33305004495a9","hash":"f4aef36cab268144eb7e4a032e02a99d0d65ddca"}
,"D:\\Code\\2025-11-Skyjo\\shared\\utils\\playerColors.js": {"path":"D:\\Code\\2025-11-Skyjo\\shared\\utils\\playerColors.js","statementMap":{"0":{"start":{"line":8,"column":2},"end":{"line":12,"column":5}},"1":{"start":{"line":10,"column":16},"end":{"line":10,"column":54}},"2":{"start":{"line":11,"column":4},"end":{"line":11,"column":35}}},"fnMap":{"0":{"name":"buildPlayerColors","decl":{"start":{"line":7,"column":16},"end":{"line":7,"column":33}},"loc":{"start":{"line":7,"column":46},"end":{"line":13,"column":1}},"line":7},"1":{"name":"(anonymous_1)","decl":{"start":{"line":8,"column":44},"end":{"line":8,"column":45}},"loc":{"start":{"line":8,"column":58},"end":{"line":12,"column":3}},"line":8}},"branchMap":{},"s":{"0":11,"1":62,"2":62},"f":{"0":11,"1":62},"b":{},"inputSourceMap":null,"_coverageSchema":"1a1c01bbd47fc00a2c39e90264f33305004495a9","hash":"738b25af1c5fc7de793cf139bcfef7a1445e159f"}
}
