TN:
SF:shared\utils\generateRoomId.js
FN:9,generateRoomId
FNF:1
FNH:1
FNDA:6,generateRoomId
DA:1,1
DA:2,1
DA:10,6
DA:11,4
DA:14,2
DA:15,2
DA:16,16
DA:17,16
DA:20,2
LF:9
LH:9
BRDA:9,0,0,1
BRDA:10,1,0,4
BRDA:10,1,1,2
BRDA:10,2,0,6
BRDA:10,2,1,4
BRF:5
BRH:5
end_of_record
TN:
SF:shared\utils\logger.js
FN:1,(anonymous_0)
FN:14,resolveLogger
FN:21,(anonymous_2)
FN:25,(anonymous_3)
FN:29,(anonymous_4)
FNF:5
FNH:5
FNDA:20,(anonymous_0)
FNDA:11,resolveLogger
FNDA:4,(anonymous_2)
FNDA:2,(anonymous_3)
FNDA:2,(anonymous_4)
DA:1,1
DA:3,1
DA:15,11
DA:16,2
DA:20,9
DA:21,4
DA:24,9
DA:25,2
DA:28,9
DA:29,2
DA:32,9
DA:33,2
DA:36,7
DA:40,1
LF:14
LH:14
BRDA:15,0,0,2
BRDA:15,0,1,9
BRDA:20,1,0,5
BRDA:20,1,1,4
BRDA:24,2,0,3
BRDA:24,2,1,6
BRDA:28,3,0,3
BRDA:28,3,1,6
BRDA:32,4,0,2
BRDA:32,4,1,7
BRDA:32,5,0,9
BRDA:32,5,1,4
BRDA:32,5,2,3
BRDA:40,6,0,1
BRDA:40,6,1,0
BRF:15
BRH:14
end_of_record
TN:
SF:shared\utils\playerColors.js
FN:7,buildPlayerColors
FN:8,(anonymous_1)
FNF:2
FNH:2
FNDA:11,buildPlayerColors
FNDA:62,(anonymous_1)
DA:8,11
DA:10,62
DA:11,62
LF:3
LH:3
BRF:0
BRH:0
end_of_record
